<?xml version="1.0" encoding="UTF-8"?>
<!-- Generated by org.testng.reporters.JUnitXMLReporter -->
<testsuite ignored="0" hostname="Maias-iMac.local" failures="0" tests="8" name="APITest" time="3.965" errors="0" timestamp="2022-08-26T00:39:51 EDT">
  <testcase classname="api_test.SimpleGetTest" name="getAllUsers" time="1.411"/>
  <testcase classname="api_test.SimplePatchTest" name="UpdateNewUser" time="0.417"/>
  <testcase classname="api_test.SimplePutTest" name="UpdateNewUser" time="0.492"/>
  <testcase classname="api_test.SimplePostTest" name="createNewUser" time="0.36"/>
  <testcase classname="api_test.SimpleDeleteTest" name="deleteSingleUser" time="0.349"/>
  <testcase classname="api_test.GetWithPathVariable" name="attemptToGetUserWithInvalidId" time="0.409"/>
  <testcase classname="api_test.GetWithPathVariable" name="getSingleUser" time="0.087"/>
  <testcase classname="api_test.GetTestWithQueryParameter" name="getUsersWithQueryParameter" time="0.433"/>
</testsuite> <!-- APITest -->
