<?xml version="1.0" encoding="UTF-8"?>
<!-- Generated by org.testng.reporters.JUnitXMLReporter -->
<testsuite ignored="0" hostname="Maias-iMac.local" failures="0" tests="8" name="APITest" time="3.574" errors="0" timestamp="2022-08-29T18:52:35 EDT">
  <testcase classname="api_test.SimpleGetTest" name="getAllUsers" time="0.956"/>
  <testcase classname="api_test.SimplePostTest" name="createNewUser" time="0.742"/>
  <testcase classname="api_test.SimplePatchTest" name="UpdateNewUser" time="0.485"/>
  <testcase classname="api_test.SimplePutTest" name="UpdateNewUser" time="0.375"/>
  <testcase classname="api_test.SimpleDeleteTest" name="deleteSingleUser" time="0.349"/>
  <testcase classname="api_test.GetWithPathVariable" name="attemptToGetUserWithInvalidId" time="0.361"/>
  <testcase classname="api_test.GetWithPathVariable" name="getSingleUser" time="0.124"/>
  <testcase classname="api_test.GetTestWithQueryParameter" name="getUsersWithQueryParameter" time="0.108"/>
</testsuite> <!-- APITest -->
