<?xml version="1.0" encoding="UTF-8"?>
<!-- Generated by org.testng.reporters.JUnitXMLReporter -->
<testsuite ignored="0" hostname="Maias-iMac.local" failures="0" tests="1" name="MortgageCalculator" time="0.094" errors="0" timestamp="2022-08-29T23:42:01 EDT">
  <testcase classname="automation_test.BaseUIClass" name="@BeforeClass addThread" time="0.018">
    <failure type="java.lang.IllegalArgumentException" message="Server URL must be set">
      <![CDATA[java.lang.IllegalArgumentException: Server URL must be set
at org.openqa.selenium.internal.Require.nonNull(Require.java:59)
at org.openqa.selenium.remote.RemoteWebDriver.<init>(RemoteWebDriver.java:161)
at utillities.DriverFactory.lambda$new$0(DriverFactory.java:46)
at java.base/java.lang.ThreadLocal$SuppliedThreadLocal.initialValue(ThreadLocal.java:305)
at java.base/java.lang.ThreadLocal.setInitialValue(ThreadLocal.java:195)
at java.base/java.lang.ThreadLocal.get(ThreadLocal.java:172)
at utillities.DriverFactory.getDriver(DriverFactory.java:53)
at automation_test.BaseUIClass.addThread(BaseUIClass.java:24)
at java.base/java.util.concurrent.ThreadPoolExecutor.runWorker(ThreadPoolExecutor.java:1136)
at java.base/java.util.concurrent.ThreadPoolExecutor$Worker.run(ThreadPoolExecutor.java:635)
at java.base/java.lang.Thread.run(Thread.java:833)
... Removed 8 stack frames]]>
    </failure>
  </testcase> <!-- @BeforeClass addThread -->
  <testcase classname="automation_test.BaseUIClass" name="@BeforeMethod openBrowser" time="0.0">
    <skipped/>
  </testcase> <!-- @BeforeMethod openBrowser -->
  <testcase classname="automation_test.BaseUIClass" name="@AfterMethod closeBrowser" time="0.0">
    <skipped/>
  </testcase> <!-- @AfterMethod closeBrowser -->
  <testcase classname="automation_test.mortgage_calculator.CalculateRealAprRate" name="calculateRealApr" time="0.0">
    <skipped/>
  </testcase> <!-- calculateRealApr -->
</testsuite> <!-- MortgageCalculator -->
