<?xml version="1.0" encoding="UTF-8"?>
<!-- Generated by org.testng.reporters.JUnitXMLReporter -->
<testsuite ignored="0" hostname="Maias-iMac.local" failures="0" tests="2" name="MortgageCalculator" time="14.072" errors="0" timestamp="2022-08-29T18:52:31 EDT">
  <testcase classname="automation_test.mortgage_calculator.CalculateMortgageRate" name="calculateMonthlyPayment" time="2.327"/>
  <testcase classname="automation_test.mortgage_calculator.CalculateRealAprRate" name="calculateRealApr" time="2.326"/>
</testsuite> <!-- MortgageCalculator -->
