<?xml version="1.0" encoding="UTF-8"?>
<!-- Generated by org.testng.reporters.JUnitXMLReporter -->
<testsuite ignored="0" hostname="Maias-iMac.local" failures="0" tests="2" name="mortgage_calculator" time="11.399" errors="0" timestamp="2022-08-26T00:39:45 EDT">
  <testcase classname="automation_test.mortgage_calculator.CalculateMortgageRate" name="calculateMonthlyPayment" time="1.777"/>
  <testcase classname="automation_test.mortgage_calculator.CalculateRealAprRate" name="calculateRealApr" time="1.835"/>
</testsuite> <!-- mortgage_calculator -->
