<?xml version="1.0" encoding="UTF-8"?>
<testsuite xmlns:xsi="http://www.w3.org/2001/XMLSchema-instance" xsi:noNamespaceSchemaLocation="https://maven.apache.org/surefire/maven-surefire-plugin/xsd/surefire-test-report-3.0.xsd" version="3.0" name="TestSuite" time="18.202" tests="10" errors="0" skipped="0" failures="0">
  <properties>
[...]
</properties>
  <testcase name="calculateMonthlyPayment" classname="automation_test.mortgage_calculator.CalculateMortgageRate" time="2.332">
    <system-out><![CDATA[https://www.mortgagecalculator.org/
18:52:19.084 [main] &amp#27;[0mINFO  automation_test.mortgage_calculator.CalculateMortgageRate - -------Test: automation_test.mortgage_calculator.CalculateMortgageRate------------&amp#27;[m
18:52:23.542 [main] &amp#27;[0mINFO  utillities.SqlConnector - Successfully connected to the Database&amp#27;[m
]]></system-out>
    <system-err><![CDATA[SLF4J: Failed to load class "org.slf4j.impl.StaticLoggerBinder".
SLF4J: Defaulting to no-operation (NOP) logger implementation
SLF4J: See http://www.slf4j.org/codes.html#StaticLoggerBinder for further details.
Starting ChromeDriver 104.0.5112.79 (3cf3e8c8a07d104b9e1260c910efb8f383285dc5-refs/branch-heads/5112@{#1307}) on port 51566
Only local connections are allowed.
Please see https://chromedriver.chromium.org/security-considerations for suggestions on keeping ChromeDriver safe.
ChromeDriver was started successfully.
Aug 29, 2022 6:52:19 PM org.openqa.selenium.remote.ProtocolHandshake createSession
INFO: Detected upstream dialect: W3C
Aug 29, 2022 6:52:19 PM org.openqa.selenium.devtools.CdpVersionFinder findNearestMatch
WARNING: Unable to find an exact match for CDP version 104, so returning the closest version found: 103
Aug 29, 2022 6:52:19 PM org.openqa.selenium.devtools.CdpVersionFinder findNearestMatch
INFO: Found CDP implementation for version 104 of 103
]]></system-err>
  </testcase>
  <testcase name="calculateRealApr[200000, 15000, 3, 3.130%](1)" classname="automation_test.mortgage_calculator.CalculateRealAprRate" time="2.327">
    <system-out><![CDATA[18:52:25.933 [main] &amp#27;[0mINFO  automation_test.mortgage_calculator.CalculateMortgageRate - -------Test: automation_test.mortgage_calculator.CalculateMortgageRate------------&amp#27;[m
https://www.mortgagecalculator.org/
18:52:26.715 [main] &amp#27;[0mINFO  automation_test.mortgage_calculator.CalculateRealAprRate - -------Test: automation_test.mortgage_calculator.CalculateRealAprRate------------&amp#27;[m
]]></system-out>
    <system-err><![CDATA[Aug 29, 2022 6:52:25 PM org.openqa.selenium.remote.http.WebSocket$Listener onError
WARNING: Connection reset
java.net.SocketException: Connection reset
	at java.base/sun.nio.ch.SocketChannelImpl.throwConnectionReset(SocketChannelImpl.java:394)
	at java.base/sun.nio.ch.SocketChannelImpl.read(SocketChannelImpl.java:426)
	at io.netty.buffer.PooledByteBuf.setBytes(PooledByteBuf.java:258)
	at io.netty.buffer.AbstractByteBuf.writeBytes(AbstractByteBuf.java:1132)
	at io.netty.channel.socket.nio.NioSocketChannel.doReadBytes(NioSocketChannel.java:357)
	at io.netty.channel.nio.AbstractNioByteChannel$NioByteUnsafe.read(AbstractNioByteChannel.java:151)
	at io.netty.channel.nio.NioEventLoop.processSelectedKey(NioEventLoop.java:722)
	at io.netty.channel.nio.NioEventLoop.processSelectedKeysOptimized(NioEventLoop.java:658)
	at io.netty.channel.nio.NioEventLoop.processSelectedKeys(NioEventLoop.java:584)
	at io.netty.channel.nio.NioEventLoop.run(NioEventLoop.java:496)
	at io.netty.util.concurrent.SingleThreadEventExecutor$4.run(SingleThreadEventExecutor.java:997)
	at io.netty.util.internal.ThreadExecutorMap$2.run(ThreadExecutorMap.java:74)
	at io.netty.util.concurrent.FastThreadLocalRunnable.run(FastThreadLocalRunnable.java:30)
	at java.base/java.lang.Thread.run(Thread.java:833)

Starting ChromeDriver 104.0.5112.79 (3cf3e8c8a07d104b9e1260c910efb8f383285dc5-refs/branch-heads/5112@{#1307}) on port 56399
Only local connections are allowed.
Please see https://chromedriver.chromium.org/security-considerations for suggestions on keeping ChromeDriver safe.
ChromeDriver was started successfully.
Aug 29, 2022 6:52:26 PM org.openqa.selenium.remote.ProtocolHandshake createSession
INFO: Detected upstream dialect: W3C
Aug 29, 2022 6:52:26 PM org.openqa.selenium.devtools.CdpVersionFinder findNearestMatch
WARNING: Unable to find an exact match for CDP version 104, so returning the closest version found: 103
Aug 29, 2022 6:52:26 PM org.openqa.selenium.devtools.CdpVersionFinder findNearestMatch
INFO: Found CDP implementation for version 104 of 103
]]></system-err>
  </testcase>
  <testcase name="getAllUsers" classname="api_test.SimpleGetTest" time="0.956">
    <system-out><![CDATA[18:52:31.894 [main] &amp#27;[0mINFO  automation_test.mortgage_calculator.CalculateRealAprRate - -------Test: automation_test.mortgage_calculator.CalculateRealAprRate------------&amp#27;[m
18:52:31.903 [main] &amp#27;[0mINFO  api_test.SimpleGetTest - -----------Test: api_test.SimpleGetTest------------&amp#27;[m
]]></system-out>
  </testcase>
  <testcase name="createNewUser" classname="api_test.SimplePostTest" time="0.743">
    <system-out><![CDATA[18:52:32.861 [main] &amp#27;[0mINFO  api_test.SimpleGetTest - -----------Test End: api_test.SimpleGetTest---------&amp#27;[m
18:52:32.862 [main] &amp#27;[0mINFO  api_test.SimplePostTest - -----------Test: api_test.SimplePostTest------------&amp#27;[m
]]></system-out>
  </testcase>
  <testcase name="UpdateNewUser" classname="api_test.SimplePatchTest" time="0.499">
    <system-out><![CDATA[18:52:33.606 [main] &amp#27;[0mINFO  api_test.SimplePostTest - -----------Test End: api_test.SimplePostTest---------&amp#27;[m
18:52:33.607 [main] &amp#27;[0mINFO  api_test.SimplePatchTest - -----------Test: api_test.SimplePatchTest------------&amp#27;[m
]]></system-out>
  </testcase>
  <testcase name="UpdateNewUser" classname="api_test.SimplePutTest" time="0.357">
    <system-out><![CDATA[18:52:34.108 [main] &amp#27;[0mINFO  api_test.SimplePatchTest - -----------Test End: api_test.SimplePatchTest---------&amp#27;[m
18:52:34.129 [main] &amp#27;[0mINFO  api_test.SimplePutTest - -----------Test: api_test.SimplePutTest------------&amp#27;[m
]]></system-out>
  </testcase>
  <testcase name="deleteSingleUser" classname="api_test.SimpleDeleteTest" time="0.349">
    <system-out><![CDATA[18:52:34.524 [main] &amp#27;[0mINFO  api_test.SimplePutTest - -----------Test End: api_test.SimplePutTest---------&amp#27;[m
18:52:34.526 [main] &amp#27;[0mINFO  api_test.SimpleDeleteTest - -----------Test: api_test.SimpleDeleteTest------------&amp#27;[m
]]></system-out>
  </testcase>
  <testcase name="attemptToGetUserWithInvalidId" classname="api_test.GetWithPathVariable" time="0.361">
    <system-out><![CDATA[18:52:34.876 [main] &amp#27;[0mINFO  api_test.SimpleDeleteTest - -----------Test End: api_test.SimpleDeleteTest---------&amp#27;[m
18:52:34.877 [main] &amp#27;[0mINFO  api_test.GetWithPathVariable - -----------Test: api_test.GetWithPathVariable------------&amp#27;[m
]]></system-out>
  </testcase>
  <testcase name="getSingleUser" classname="api_test.GetWithPathVariable" time="0.124">
    <system-out><![CDATA[18:52:35.239 [main] &amp#27;[0mINFO  api_test.GetWithPathVariable - -----------Test End: api_test.GetWithPathVariable---------&amp#27;[m
18:52:35.240 [main] &amp#27;[0mINFO  api_test.GetWithPathVariable - -----------Test: api_test.GetWithPathVariable------------&amp#27;[m
]]></system-out>
  </testcase>
  <testcase name="getUsersWithQueryParameter" classname="api_test.GetTestWithQueryParameter" time="0.108">
    <system-out><![CDATA[18:52:35.365 [main] &amp#27;[0mINFO  api_test.GetWithPathVariable - -----------Test End: api_test.GetWithPathVariable---------&amp#27;[m
18:52:35.366 [main] &amp#27;[0mINFO  api_test.GetTestWithQueryParameter - -----------Test: api_test.GetTestWithQueryParameter------------&amp#27;[m
]]></system-out>
  </testcase>
</testsuite>